<?xml version="1.0" encoding="UTF-8"?>
<testsuite xmlns:xsi="http://www.w3.org/2001/XMLSchema-instance" xsi:noNamespaceSchemaLocation="https://maven.apache.org/surefire/maven-surefire-plugin/xsd/surefire-test-report.xsd" name="com.server.prueba.backwebprices.BackWebPricesApplicationTests" time="8.659" tests="1" errors="0" skipped="0" failures="0">
  <properties>
    <property name="sun.desktop" value="windows"/>
    <property name="awt.toolkit" value="sun.awt.windows.WToolkit"/>
    <property name="java.specification.version" value="11"/>
    <property name="sun.cpu.isalist" value="amd64"/>
    <property name="sun.jnu.encoding" value="Cp1252"/>
    <property name="java.class.path" value="C:\Users\Erick\projects\erick\Prueba Técnica\back-web-prices\target\test-classes;C:\Users\Erick\projects\erick\Prueba Técnica\back-web-prices\target\classes;C:\Users\Erick\.m2\wrapper\dists\apache-maven-3.9.2-bin\org\springframework\boot\spring-boot-starter-data-jpa\2.4.6\spring-boot-starter-data-jpa-2.4.6.jar;C:\Users\Erick\.m2\wrapper\dists\apache-maven-3.9.2-bin\org\springframework\boot\spring-boot-starter-aop\2.6.4\spring-boot-starter-aop-2.6.4.jar;C:\Users\Erick\.m2\wrapper\dists\apache-maven-3.9.2-bin\org\springframework\spring-aop\5.3.16\spring-aop-5.3.16.jar;C:\Users\Erick\.m2\wrapper\dists\apache-maven-3.9.2-bin\org\aspectj\aspectjweaver\1.9.7\aspectjweaver-1.9.7.jar;C:\Users\Erick\.m2\wrapper\dists\apache-maven-3.9.2-bin\org\springframework\boot\spring-boot-starter-jdbc\2.6.4\spring-boot-starter-jdbc-2.6.4.jar;C:\Users\Erick\.m2\wrapper\dists\apache-maven-3.9.2-bin\com\zaxxer\HikariCP\4.0.3\HikariCP-4.0.3.jar;C:\Users\Erick\.m2\wrapper\dists\apache-maven-3.9.2-bin\org\springframework\spring-jdbc\5.3.16\spring-jdbc-5.3.16.jar;C:\Users\Erick\.m2\wrapper\dists\apache-maven-3.9.2-bin\jakarta\transaction\jakarta.transaction-api\1.3.3\jakarta.transaction-api-1.3.3.jar;C:\Users\Erick\.m2\wrapper\dists\apache-maven-3.9.2-bin\jakarta\persistence\jakarta.persistence-api\2.2.3\jakarta.persistence-api-2.2.3.jar;C:\Users\Erick\.m2\wrapper\dists\apache-maven-3.9.2-bin\org\hibernate\hibernate-core\5.6.5.Final\hibernate-core-5.6.5.Final.jar;C:\Users\Erick\.m2\wrapper\dists\apache-maven-3.9.2-bin\org\jboss\logging\jboss-logging\3.4.3.Final\jboss-logging-3.4.3.Final.jar;C:\Users\Erick\.m2\wrapper\dists\apache-maven-3.9.2-bin\net\bytebuddy\byte-buddy\1.11.22\byte-buddy-1.11.22.jar;C:\Users\Erick\.m2\wrapper\dists\apache-maven-3.9.2-bin\antlr\antlr\2.7.7\antlr-2.7.7.jar;C:\Users\Erick\.m2\wrapper\dists\apache-maven-3.9.2-bin\org\jboss\jandex\2.4.2.Final\jandex-2.4.2.Final.jar;C:\Users\Erick\.m2\wrapper\dists\apache-maven-3.9.2-bin\com\fasterxml\classmate\1.5.1\classmate-1.5.1.jar;C:\Users\Erick\.m2\wrapper\dists\apache-maven-3.9.2-bin\org\hibernate\common\hibernate-commons-annotations\5.1.2.Final\hibernate-commons-annotations-5.1.2.Final.jar;C:\Users\Erick\.m2\wrapper\dists\apache-maven-3.9.2-bin\org\glassfish\jaxb\jaxb-runtime\2.3.6\jaxb-runtime-2.3.6.jar;C:\Users\Erick\.m2\wrapper\dists\apache-maven-3.9.2-bin\org\glassfish\jaxb\txw2\2.3.6\txw2-2.3.6.jar;C:\Users\Erick\.m2\wrapper\dists\apache-maven-3.9.2-bin\com\sun\istack\istack-commons-runtime\3.0.12\istack-commons-runtime-3.0.12.jar;C:\Users\Erick\.m2\wrapper\dists\apache-maven-3.9.2-bin\com\sun\activation\jakarta.activation\1.2.2\jakarta.activation-1.2.2.jar;C:\Users\Erick\.m2\wrapper\dists\apache-maven-3.9.2-bin\org\springframework\data\spring-data-jpa\2.6.2\spring-data-jpa-2.6.2.jar;C:\Users\Erick\.m2\wrapper\dists\apache-maven-3.9.2-bin\org\springframework\data\spring-data-commons\2.6.2\spring-data-commons-2.6.2.jar;C:\Users\Erick\.m2\wrapper\dists\apache-maven-3.9.2-bin\org\springframework\spring-orm\5.3.16\spring-orm-5.3.16.jar;C:\Users\Erick\.m2\wrapper\dists\apache-maven-3.9.2-bin\org\springframework\spring-context\5.3.16\spring-context-5.3.16.jar;C:\Users\Erick\.m2\wrapper\dists\apache-maven-3.9.2-bin\org\springframework\spring-tx\5.3.16\spring-tx-5.3.16.jar;C:\Users\Erick\.m2\wrapper\dists\apache-maven-3.9.2-bin\org\springframework\spring-beans\5.3.16\spring-beans-5.3.16.jar;C:\Users\Erick\.m2\wrapper\dists\apache-maven-3.9.2-bin\org\slf4j\slf4j-api\1.7.36\slf4j-api-1.7.36.jar;C:\Users\Erick\.m2\wrapper\dists\apache-maven-3.9.2-bin\org\springframework\spring-aspects\5.3.16\spring-aspects-5.3.16.jar;C:\Users\Erick\.m2\wrapper\dists\apache-maven-3.9.2-bin\org\springframework\boot\spring-boot-starter-web\2.4.4\spring-boot-starter-web-2.4.4.jar;C:\Users\Erick\.m2\wrapper\dists\apache-maven-3.9.2-bin\org\springframework\boot\spring-boot-starter\2.6.4\spring-boot-starter-2.6.4.jar;C:\Users\Erick\.m2\wrapper\dists\apache-maven-3.9.2-bin\org\springframework\boot\spring-boot\2.6.4\spring-boot-2.6.4.jar;C:\Users\Erick\.m2\wrapper\dists\apache-maven-3.9.2-bin\org\springframework\boot\spring-boot-autoconfigure\2.6.4\spring-boot-autoconfigure-2.6.4.jar;C:\Users\Erick\.m2\wrapper\dists\apache-maven-3.9.2-bin\org\springframework\boot\spring-boot-starter-logging\2.6.4\spring-boot-starter-logging-2.6.4.jar;C:\Users\Erick\.m2\wrapper\dists\apache-maven-3.9.2-bin\ch\qos\logback\logback-classic\1.2.10\logback-classic-1.2.10.jar;C:\Users\Erick\.m2\wrapper\dists\apache-maven-3.9.2-bin\ch\qos\logback\logback-core\1.2.10\logback-core-1.2.10.jar;C:\Users\Erick\.m2\wrapper\dists\apache-maven-3.9.2-bin\org\apache\logging\log4j\log4j-to-slf4j\2.17.1\log4j-to-slf4j-2.17.1.jar;C:\Users\Erick\.m2\wrapper\dists\apache-maven-3.9.2-bin\org\apache\logging\log4j\log4j-api\2.17.1\log4j-api-2.17.1.jar;C:\Users\Erick\.m2\wrapper\dists\apache-maven-3.9.2-bin\org\slf4j\jul-to-slf4j\1.7.36\jul-to-slf4j-1.7.36.jar;C:\Users\Erick\.m2\wrapper\dists\apache-maven-3.9.2-bin\jakarta\annotation\jakarta.annotation-api\1.3.5\jakarta.annotation-api-1.3.5.jar;C:\Users\Erick\.m2\wrapper\dists\apache-maven-3.9.2-bin\org\yaml\snakeyaml\1.29\snakeyaml-1.29.jar;C:\Users\Erick\.m2\wrapper\dists\apache-maven-3.9.2-bin\org\springframework\boot\spring-boot-starter-json\2.6.4\spring-boot-starter-json-2.6.4.jar;C:\Users\Erick\.m2\wrapper\dists\apache-maven-3.9.2-bin\com\fasterxml\jackson\datatype\jackson-datatype-jdk8\2.13.1\jackson-datatype-jdk8-2.13.1.jar;C:\Users\Erick\.m2\wrapper\dists\apache-maven-3.9.2-bin\com\fasterxml\jackson\datatype\jackson-datatype-jsr310\2.13.1\jackson-datatype-jsr310-2.13.1.jar;C:\Users\Erick\.m2\wrapper\dists\apache-maven-3.9.2-bin\com\fasterxml\jackson\module\jackson-module-parameter-names\2.13.1\jackson-module-parameter-names-2.13.1.jar;C:\Users\Erick\.m2\wrapper\dists\apache-maven-3.9.2-bin\org\springframework\boot\spring-boot-starter-tomcat\2.6.4\spring-boot-starter-tomcat-2.6.4.jar;C:\Users\Erick\.m2\wrapper\dists\apache-maven-3.9.2-bin\org\apache\tomcat\embed\tomcat-embed-core\9.0.58\tomcat-embed-core-9.0.58.jar;C:\Users\Erick\.m2\wrapper\dists\apache-maven-3.9.2-bin\org\apache\tomcat\embed\tomcat-embed-el\9.0.58\tomcat-embed-el-9.0.58.jar;C:\Users\Erick\.m2\wrapper\dists\apache-maven-3.9.2-bin\org\apache\tomcat\embed\tomcat-embed-websocket\9.0.58\tomcat-embed-websocket-9.0.58.jar;C:\Users\Erick\.m2\wrapper\dists\apache-maven-3.9.2-bin\org\springframework\spring-web\5.3.16\spring-web-5.3.16.jar;C:\Users\Erick\.m2\wrapper\dists\apache-maven-3.9.2-bin\org\springframework\spring-webmvc\5.3.16\spring-webmvc-5.3.16.jar;C:\Users\Erick\.m2\wrapper\dists\apache-maven-3.9.2-bin\org\springframework\spring-expression\5.3.16\spring-expression-5.3.16.jar;C:\Users\Erick\.m2\wrapper\dists\apache-maven-3.9.2-bin\com\h2database\h2\1.4.200\h2-1.4.200.jar;C:\Users\Erick\.m2\wrapper\dists\apache-maven-3.9.2-bin\org\projectlombok\lombok\1.18.20\lombok-1.18.20.jar;C:\Users\Erick\.m2\wrapper\dists\apache-maven-3.9.2-bin\org\springframework\boot\spring-boot-starter-test\2.6.4\spring-boot-starter-test-2.6.4.jar;C:\Users\Erick\.m2\wrapper\dists\apache-maven-3.9.2-bin\org\springframework\boot\spring-boot-test\2.6.4\spring-boot-test-2.6.4.jar;C:\Users\Erick\.m2\wrapper\dists\apache-maven-3.9.2-bin\org\springframework\boot\spring-boot-test-autoconfigure\2.6.4\spring-boot-test-autoconfigure-2.6.4.jar;C:\Users\Erick\.m2\wrapper\dists\apache-maven-3.9.2-bin\com\jayway\jsonpath\json-path\2.6.0\json-path-2.6.0.jar;C:\Users\Erick\.m2\wrapper\dists\apache-maven-3.9.2-bin\net\minidev\json-smart\2.4.8\json-smart-2.4.8.jar;C:\Users\Erick\.m2\wrapper\dists\apache-maven-3.9.2-bin\net\minidev\accessors-smart\2.4.8\accessors-smart-2.4.8.jar;C:\Users\Erick\.m2\wrapper\dists\apache-maven-3.9.2-bin\org\ow2\asm\asm\9.1\asm-9.1.jar;C:\Users\Erick\.m2\wrapper\dists\apache-maven-3.9.2-bin\jakarta\xml\bind\jakarta.xml.bind-api\2.3.3\jakarta.xml.bind-api-2.3.3.jar;C:\Users\Erick\.m2\wrapper\dists\apache-maven-3.9.2-bin\jakarta\activation\jakarta.activation-api\1.2.2\jakarta.activation-api-1.2.2.jar;C:\Users\Erick\.m2\wrapper\dists\apache-maven-3.9.2-bin\org\assertj\assertj-core\3.21.0\assertj-core-3.21.0.jar;C:\Users\Erick\.m2\wrapper\dists\apache-maven-3.9.2-bin\org\hamcrest\hamcrest\2.2\hamcrest-2.2.jar;C:\Users\Erick\.m2\wrapper\dists\apache-maven-3.9.2-bin\org\junit\jupiter\junit-jupiter\5.8.2\junit-jupiter-5.8.2.jar;C:\Users\Erick\.m2\wrapper\dists\apache-maven-3.9.2-bin\org\junit\jupiter\junit-jupiter-api\5.8.2\junit-jupiter-api-5.8.2.jar;C:\Users\Erick\.m2\wrapper\dists\apache-maven-3.9.2-bin\org\opentest4j\opentest4j\1.2.0\opentest4j-1.2.0.jar;C:\Users\Erick\.m2\wrapper\dists\apache-maven-3.9.2-bin\org\junit\platform\junit-platform-commons\1.8.2\junit-platform-commons-1.8.2.jar;C:\Users\Erick\.m2\wrapper\dists\apache-maven-3.9.2-bin\org\apiguardian\apiguardian-api\1.1.2\apiguardian-api-1.1.2.jar;C:\Users\Erick\.m2\wrapper\dists\apache-maven-3.9.2-bin\org\junit\jupiter\junit-jupiter-params\5.8.2\junit-jupiter-params-5.8.2.jar;C:\Users\Erick\.m2\wrapper\dists\apache-maven-3.9.2-bin\org\junit\jupiter\junit-jupiter-engine\5.8.2\junit-jupiter-engine-5.8.2.jar;C:\Users\Erick\.m2\wrapper\dists\apache-maven-3.9.2-bin\org\junit\platform\junit-platform-engine\1.8.2\junit-platform-engine-1.8.2.jar;C:\Users\Erick\.m2\wrapper\dists\apache-maven-3.9.2-bin\org\mockito\mockito-core\4.0.0\mockito-core-4.0.0.jar;C:\Users\Erick\.m2\wrapper\dists\apache-maven-3.9.2-bin\net\bytebuddy\byte-buddy-agent\1.11.22\byte-buddy-agent-1.11.22.jar;C:\Users\Erick\.m2\wrapper\dists\apache-maven-3.9.2-bin\org\objenesis\objenesis\3.2\objenesis-3.2.jar;C:\Users\Erick\.m2\wrapper\dists\apache-maven-3.9.2-bin\org\mockito\mockito-junit-jupiter\4.0.0\mockito-junit-jupiter-4.0.0.jar;C:\Users\Erick\.m2\wrapper\dists\apache-maven-3.9.2-bin\org\skyscreamer\jsonassert\1.5.0\jsonassert-1.5.0.jar;C:\Users\Erick\.m2\wrapper\dists\apache-maven-3.9.2-bin\com\vaadin\external\google\android-json\0.0.20131108.vaadin1\android-json-0.0.20131108.vaadin1.jar;C:\Users\Erick\.m2\wrapper\dists\apache-maven-3.9.2-bin\org\springframework\spring-core\5.3.16\spring-core-5.3.16.jar;C:\Users\Erick\.m2\wrapper\dists\apache-maven-3.9.2-bin\org\springframework\spring-jcl\5.3.16\spring-jcl-5.3.16.jar;C:\Users\Erick\.m2\wrapper\dists\apache-maven-3.9.2-bin\org\springframework\spring-test\5.3.16\spring-test-5.3.16.jar;C:\Users\Erick\.m2\wrapper\dists\apache-maven-3.9.2-bin\org\xmlunit\xmlunit-core\2.8.4\xmlunit-core-2.8.4.jar;C:\Users\Erick\.m2\wrapper\dists\apache-maven-3.9.2-bin\org\openapitools\jackson-databind-nullable\0.2.1\jackson-databind-nullable-0.2.1.jar;C:\Users\Erick\.m2\wrapper\dists\apache-maven-3.9.2-bin\com\fasterxml\jackson\core\jackson-databind\2.13.1\jackson-databind-2.13.1.jar;C:\Users\Erick\.m2\wrapper\dists\apache-maven-3.9.2-bin\com\fasterxml\jackson\core\jackson-annotations\2.13.1\jackson-annotations-2.13.1.jar;C:\Users\Erick\.m2\wrapper\dists\apache-maven-3.9.2-bin\com\fasterxml\jackson\core\jackson-core\2.13.1\jackson-core-2.13.1.jar;C:\Users\Erick\.m2\wrapper\dists\apache-maven-3.9.2-bin\org\springdoc\springdoc-openapi-ui\1.7.0\springdoc-openapi-ui-1.7.0.jar;C:\Users\Erick\.m2\wrapper\dists\apache-maven-3.9.2-bin\org\springdoc\springdoc-openapi-webmvc-core\1.7.0\springdoc-openapi-webmvc-core-1.7.0.jar;C:\Users\Erick\.m2\wrapper\dists\apache-maven-3.9.2-bin\org\springdoc\springdoc-openapi-common\1.7.0\springdoc-openapi-common-1.7.0.jar;C:\Users\Erick\.m2\wrapper\dists\apache-maven-3.9.2-bin\io\swagger\core\v3\swagger-core\2.2.9\swagger-core-2.2.9.jar;C:\Users\Erick\.m2\wrapper\dists\apache-maven-3.9.2-bin\org\apache\commons\commons-lang3\3.12.0\commons-lang3-3.12.0.jar;C:\Users\Erick\.m2\wrapper\dists\apache-maven-3.9.2-bin\com\fasterxml\jackson\dataformat\jackson-dataformat-yaml\2.13.1\jackson-dataformat-yaml-2.13.1.jar;C:\Users\Erick\.m2\wrapper\dists\apache-maven-3.9.2-bin\io\swagger\core\v3\swagger-annotations\2.2.9\swagger-annotations-2.2.9.jar;C:\Users\Erick\.m2\wrapper\dists\apache-maven-3.9.2-bin\io\swagger\core\v3\swagger-models\2.2.9\swagger-models-2.2.9.jar;C:\Users\Erick\.m2\wrapper\dists\apache-maven-3.9.2-bin\jakarta\validation\jakarta.validation-api\2.0.2\jakarta.validation-api-2.0.2.jar;C:\Users\Erick\.m2\wrapper\dists\apache-maven-3.9.2-bin\org\webjars\swagger-ui\4.18.2\swagger-ui-4.18.2.jar;C:\Users\Erick\.m2\wrapper\dists\apache-maven-3.9.2-bin\io\swagger\swagger-annotations\1.6.9\swagger-annotations-1.6.9.jar;C:\Users\Erick\.m2\wrapper\dists\apache-maven-3.9.2-bin\org\mapstruct\mapstruct\1.4.2.Final\mapstruct-1.4.2.Final.jar;"/>
    <property name="java.vm.vendor" value="Amazon.com Inc."/>
    <property name="sun.arch.data.model" value="64"/>
    <property name="user.variant" value=""/>
    <property name="java.vendor.url" value="https://aws.amazon.com/corretto/"/>
    <property name="user.timezone" value="Europe/Paris"/>
    <property name="java.vm.specification.version" value="11"/>
    <property name="os.name" value="Windows 10"/>
    <property name="sun.java.launcher" value="SUN_STANDARD"/>
    <property name="user.country" value="ES"/>
    <property name="sun.boot.library.path" value="C:\Users\Erick\.jdks\corretto-11.0.16.1\bin"/>
    <property name="sun.java.command" value="C:\Users\Erick\AppData\Local\Temp\surefire17980637343176406791\surefirebooter1273063592635472351.jar C:\Users\Erick\AppData\Local\Temp\surefire17980637343176406791 2023-06-18T20-37-16_221-jvmRun1 surefire11178836148987954093tmp surefire_05352411908357960291tmp"/>
    <property name="jdk.debug" value="release"/>
    <property name="surefire.test.class.path" value="C:\Users\Erick\projects\erick\Prueba Técnica\back-web-prices\target\test-classes;C:\Users\Erick\projects\erick\Prueba Técnica\back-web-prices\target\classes;C:\Users\Erick\.m2\wrapper\dists\apache-maven-3.9.2-bin\org\springframework\boot\spring-boot-starter-data-jpa\2.4.6\spring-boot-starter-data-jpa-2.4.6.jar;C:\Users\Erick\.m2\wrapper\dists\apache-maven-3.9.2-bin\org\springframework\boot\spring-boot-starter-aop\2.6.4\spring-boot-starter-aop-2.6.4.jar;C:\Users\Erick\.m2\wrapper\dists\apache-maven-3.9.2-bin\org\springframework\spring-aop\5.3.16\spring-aop-5.3.16.jar;C:\Users\Erick\.m2\wrapper\dists\apache-maven-3.9.2-bin\org\aspectj\aspectjweaver\1.9.7\aspectjweaver-1.9.7.jar;C:\Users\Erick\.m2\wrapper\dists\apache-maven-3.9.2-bin\org\springframework\boot\spring-boot-starter-jdbc\2.6.4\spring-boot-starter-jdbc-2.6.4.jar;C:\Users\Erick\.m2\wrapper\dists\apache-maven-3.9.2-bin\com\zaxxer\HikariCP\4.0.3\HikariCP-4.0.3.jar;C:\Users\Erick\.m2\wrapper\dists\apache-maven-3.9.2-bin\org\springframework\spring-jdbc\5.3.16\spring-jdbc-5.3.16.jar;C:\Users\Erick\.m2\wrapper\dists\apache-maven-3.9.2-bin\jakarta\transaction\jakarta.transaction-api\1.3.3\jakarta.transaction-api-1.3.3.jar;C:\Users\Erick\.m2\wrapper\dists\apache-maven-3.9.2-bin\jakarta\persistence\jakarta.persistence-api\2.2.3\jakarta.persistence-api-2.2.3.jar;C:\Users\Erick\.m2\wrapper\dists\apache-maven-3.9.2-bin\org\hibernate\hibernate-core\5.6.5.Final\hibernate-core-5.6.5.Final.jar;C:\Users\Erick\.m2\wrapper\dists\apache-maven-3.9.2-bin\org\jboss\logging\jboss-logging\3.4.3.Final\jboss-logging-3.4.3.Final.jar;C:\Users\Erick\.m2\wrapper\dists\apache-maven-3.9.2-bin\net\bytebuddy\byte-buddy\1.11.22\byte-buddy-1.11.22.jar;C:\Users\Erick\.m2\wrapper\dists\apache-maven-3.9.2-bin\antlr\antlr\2.7.7\antlr-2.7.7.jar;C:\Users\Erick\.m2\wrapper\dists\apache-maven-3.9.2-bin\org\jboss\jandex\2.4.2.Final\jandex-2.4.2.Final.jar;C:\Users\Erick\.m2\wrapper\dists\apache-maven-3.9.2-bin\com\fasterxml\classmate\1.5.1\classmate-1.5.1.jar;C:\Users\Erick\.m2\wrapper\dists\apache-maven-3.9.2-bin\org\hibernate\common\hibernate-commons-annotations\5.1.2.Final\hibernate-commons-annotations-5.1.2.Final.jar;C:\Users\Erick\.m2\wrapper\dists\apache-maven-3.9.2-bin\org\glassfish\jaxb\jaxb-runtime\2.3.6\jaxb-runtime-2.3.6.jar;C:\Users\Erick\.m2\wrapper\dists\apache-maven-3.9.2-bin\org\glassfish\jaxb\txw2\2.3.6\txw2-2.3.6.jar;C:\Users\Erick\.m2\wrapper\dists\apache-maven-3.9.2-bin\com\sun\istack\istack-commons-runtime\3.0.12\istack-commons-runtime-3.0.12.jar;C:\Users\Erick\.m2\wrapper\dists\apache-maven-3.9.2-bin\com\sun\activation\jakarta.activation\1.2.2\jakarta.activation-1.2.2.jar;C:\Users\Erick\.m2\wrapper\dists\apache-maven-3.9.2-bin\org\springframework\data\spring-data-jpa\2.6.2\spring-data-jpa-2.6.2.jar;C:\Users\Erick\.m2\wrapper\dists\apache-maven-3.9.2-bin\org\springframework\data\spring-data-commons\2.6.2\spring-data-commons-2.6.2.jar;C:\Users\Erick\.m2\wrapper\dists\apache-maven-3.9.2-bin\org\springframework\spring-orm\5.3.16\spring-orm-5.3.16.jar;C:\Users\Erick\.m2\wrapper\dists\apache-maven-3.9.2-bin\org\springframework\spring-context\5.3.16\spring-context-5.3.16.jar;C:\Users\Erick\.m2\wrapper\dists\apache-maven-3.9.2-bin\org\springframework\spring-tx\5.3.16\spring-tx-5.3.16.jar;C:\Users\Erick\.m2\wrapper\dists\apache-maven-3.9.2-bin\org\springframework\spring-beans\5.3.16\spring-beans-5.3.16.jar;C:\Users\Erick\.m2\wrapper\dists\apache-maven-3.9.2-bin\org\slf4j\slf4j-api\1.7.36\slf4j-api-1.7.36.jar;C:\Users\Erick\.m2\wrapper\dists\apache-maven-3.9.2-bin\org\springframework\spring-aspects\5.3.16\spring-aspects-5.3.16.jar;C:\Users\Erick\.m2\wrapper\dists\apache-maven-3.9.2-bin\org\springframework\boot\spring-boot-starter-web\2.4.4\spring-boot-starter-web-2.4.4.jar;C:\Users\Erick\.m2\wrapper\dists\apache-maven-3.9.2-bin\org\springframework\boot\spring-boot-starter\2.6.4\spring-boot-starter-2.6.4.jar;C:\Users\Erick\.m2\wrapper\dists\apache-maven-3.9.2-bin\org\springframework\boot\spring-boot\2.6.4\spring-boot-2.6.4.jar;C:\Users\Erick\.m2\wrapper\dists\apache-maven-3.9.2-bin\org\springframework\boot\spring-boot-autoconfigure\2.6.4\spring-boot-autoconfigure-2.6.4.jar;C:\Users\Erick\.m2\wrapper\dists\apache-maven-3.9.2-bin\org\springframework\boot\spring-boot-starter-logging\2.6.4\spring-boot-starter-logging-2.6.4.jar;C:\Users\Erick\.m2\wrapper\dists\apache-maven-3.9.2-bin\ch\qos\logback\logback-classic\1.2.10\logback-classic-1.2.10.jar;C:\Users\Erick\.m2\wrapper\dists\apache-maven-3.9.2-bin\ch\qos\logback\logback-core\1.2.10\logback-core-1.2.10.jar;C:\Users\Erick\.m2\wrapper\dists\apache-maven-3.9.2-bin\org\apache\logging\log4j\log4j-to-slf4j\2.17.1\log4j-to-slf4j-2.17.1.jar;C:\Users\Erick\.m2\wrapper\dists\apache-maven-3.9.2-bin\org\apache\logging\log4j\log4j-api\2.17.1\log4j-api-2.17.1.jar;C:\Users\Erick\.m2\wrapper\dists\apache-maven-3.9.2-bin\org\slf4j\jul-to-slf4j\1.7.36\jul-to-slf4j-1.7.36.jar;C:\Users\Erick\.m2\wrapper\dists\apache-maven-3.9.2-bin\jakarta\annotation\jakarta.annotation-api\1.3.5\jakarta.annotation-api-1.3.5.jar;C:\Users\Erick\.m2\wrapper\dists\apache-maven-3.9.2-bin\org\yaml\snakeyaml\1.29\snakeyaml-1.29.jar;C:\Users\Erick\.m2\wrapper\dists\apache-maven-3.9.2-bin\org\springframework\boot\spring-boot-starter-json\2.6.4\spring-boot-starter-json-2.6.4.jar;C:\Users\Erick\.m2\wrapper\dists\apache-maven-3.9.2-bin\com\fasterxml\jackson\datatype\jackson-datatype-jdk8\2.13.1\jackson-datatype-jdk8-2.13.1.jar;C:\Users\Erick\.m2\wrapper\dists\apache-maven-3.9.2-bin\com\fasterxml\jackson\datatype\jackson-datatype-jsr310\2.13.1\jackson-datatype-jsr310-2.13.1.jar;C:\Users\Erick\.m2\wrapper\dists\apache-maven-3.9.2-bin\com\fasterxml\jackson\module\jackson-module-parameter-names\2.13.1\jackson-module-parameter-names-2.13.1.jar;C:\Users\Erick\.m2\wrapper\dists\apache-maven-3.9.2-bin\org\springframework\boot\spring-boot-starter-tomcat\2.6.4\spring-boot-starter-tomcat-2.6.4.jar;C:\Users\Erick\.m2\wrapper\dists\apache-maven-3.9.2-bin\org\apache\tomcat\embed\tomcat-embed-core\9.0.58\tomcat-embed-core-9.0.58.jar;C:\Users\Erick\.m2\wrapper\dists\apache-maven-3.9.2-bin\org\apache\tomcat\embed\tomcat-embed-el\9.0.58\tomcat-embed-el-9.0.58.jar;C:\Users\Erick\.m2\wrapper\dists\apache-maven-3.9.2-bin\org\apache\tomcat\embed\tomcat-embed-websocket\9.0.58\tomcat-embed-websocket-9.0.58.jar;C:\Users\Erick\.m2\wrapper\dists\apache-maven-3.9.2-bin\org\springframework\spring-web\5.3.16\spring-web-5.3.16.jar;C:\Users\Erick\.m2\wrapper\dists\apache-maven-3.9.2-bin\org\springframework\spring-webmvc\5.3.16\spring-webmvc-5.3.16.jar;C:\Users\Erick\.m2\wrapper\dists\apache-maven-3.9.2-bin\org\springframework\spring-expression\5.3.16\spring-expression-5.3.16.jar;C:\Users\Erick\.m2\wrapper\dists\apache-maven-3.9.2-bin\com\h2database\h2\1.4.200\h2-1.4.200.jar;C:\Users\Erick\.m2\wrapper\dists\apache-maven-3.9.2-bin\org\projectlombok\lombok\1.18.20\lombok-1.18.20.jar;C:\Users\Erick\.m2\wrapper\dists\apache-maven-3.9.2-bin\org\springframework\boot\spring-boot-starter-test\2.6.4\spring-boot-starter-test-2.6.4.jar;C:\Users\Erick\.m2\wrapper\dists\apache-maven-3.9.2-bin\org\springframework\boot\spring-boot-test\2.6.4\spring-boot-test-2.6.4.jar;C:\Users\Erick\.m2\wrapper\dists\apache-maven-3.9.2-bin\org\springframework\boot\spring-boot-test-autoconfigure\2.6.4\spring-boot-test-autoconfigure-2.6.4.jar;C:\Users\Erick\.m2\wrapper\dists\apache-maven-3.9.2-bin\com\jayway\jsonpath\json-path\2.6.0\json-path-2.6.0.jar;C:\Users\Erick\.m2\wrapper\dists\apache-maven-3.9.2-bin\net\minidev\json-smart\2.4.8\json-smart-2.4.8.jar;C:\Users\Erick\.m2\wrapper\dists\apache-maven-3.9.2-bin\net\minidev\accessors-smart\2.4.8\accessors-smart-2.4.8.jar;C:\Users\Erick\.m2\wrapper\dists\apache-maven-3.9.2-bin\org\ow2\asm\asm\9.1\asm-9.1.jar;C:\Users\Erick\.m2\wrapper\dists\apache-maven-3.9.2-bin\jakarta\xml\bind\jakarta.xml.bind-api\2.3.3\jakarta.xml.bind-api-2.3.3.jar;C:\Users\Erick\.m2\wrapper\dists\apache-maven-3.9.2-bin\jakarta\activation\jakarta.activation-api\1.2.2\jakarta.activation-api-1.2.2.jar;C:\Users\Erick\.m2\wrapper\dists\apache-maven-3.9.2-bin\org\assertj\assertj-core\3.21.0\assertj-core-3.21.0.jar;C:\Users\Erick\.m2\wrapper\dists\apache-maven-3.9.2-bin\org\hamcrest\hamcrest\2.2\hamcrest-2.2.jar;C:\Users\Erick\.m2\wrapper\dists\apache-maven-3.9.2-bin\org\junit\jupiter\junit-jupiter\5.8.2\junit-jupiter-5.8.2.jar;C:\Users\Erick\.m2\wrapper\dists\apache-maven-3.9.2-bin\org\junit\jupiter\junit-jupiter-api\5.8.2\junit-jupiter-api-5.8.2.jar;C:\Users\Erick\.m2\wrapper\dists\apache-maven-3.9.2-bin\org\opentest4j\opentest4j\1.2.0\opentest4j-1.2.0.jar;C:\Users\Erick\.m2\wrapper\dists\apache-maven-3.9.2-bin\org\junit\platform\junit-platform-commons\1.8.2\junit-platform-commons-1.8.2.jar;C:\Users\Erick\.m2\wrapper\dists\apache-maven-3.9.2-bin\org\apiguardian\apiguardian-api\1.1.2\apiguardian-api-1.1.2.jar;C:\Users\Erick\.m2\wrapper\dists\apache-maven-3.9.2-bin\org\junit\jupiter\junit-jupiter-params\5.8.2\junit-jupiter-params-5.8.2.jar;C:\Users\Erick\.m2\wrapper\dists\apache-maven-3.9.2-bin\org\junit\jupiter\junit-jupiter-engine\5.8.2\junit-jupiter-engine-5.8.2.jar;C:\Users\Erick\.m2\wrapper\dists\apache-maven-3.9.2-bin\org\junit\platform\junit-platform-engine\1.8.2\junit-platform-engine-1.8.2.jar;C:\Users\Erick\.m2\wrapper\dists\apache-maven-3.9.2-bin\org\mockito\mockito-core\4.0.0\mockito-core-4.0.0.jar;C:\Users\Erick\.m2\wrapper\dists\apache-maven-3.9.2-bin\net\bytebuddy\byte-buddy-agent\1.11.22\byte-buddy-agent-1.11.22.jar;C:\Users\Erick\.m2\wrapper\dists\apache-maven-3.9.2-bin\org\objenesis\objenesis\3.2\objenesis-3.2.jar;C:\Users\Erick\.m2\wrapper\dists\apache-maven-3.9.2-bin\org\mockito\mockito-junit-jupiter\4.0.0\mockito-junit-jupiter-4.0.0.jar;C:\Users\Erick\.m2\wrapper\dists\apache-maven-3.9.2-bin\org\skyscreamer\jsonassert\1.5.0\jsonassert-1.5.0.jar;C:\Users\Erick\.m2\wrapper\dists\apache-maven-3.9.2-bin\com\vaadin\external\google\android-json\0.0.20131108.vaadin1\android-json-0.0.20131108.vaadin1.jar;C:\Users\Erick\.m2\wrapper\dists\apache-maven-3.9.2-bin\org\springframework\spring-core\5.3.16\spring-core-5.3.16.jar;C:\Users\Erick\.m2\wrapper\dists\apache-maven-3.9.2-bin\org\springframework\spring-jcl\5.3.16\spring-jcl-5.3.16.jar;C:\Users\Erick\.m2\wrapper\dists\apache-maven-3.9.2-bin\org\springframework\spring-test\5.3.16\spring-test-5.3.16.jar;C:\Users\Erick\.m2\wrapper\dists\apache-maven-3.9.2-bin\org\xmlunit\xmlunit-core\2.8.4\xmlunit-core-2.8.4.jar;C:\Users\Erick\.m2\wrapper\dists\apache-maven-3.9.2-bin\org\openapitools\jackson-databind-nullable\0.2.1\jackson-databind-nullable-0.2.1.jar;C:\Users\Erick\.m2\wrapper\dists\apache-maven-3.9.2-bin\com\fasterxml\jackson\core\jackson-databind\2.13.1\jackson-databind-2.13.1.jar;C:\Users\Erick\.m2\wrapper\dists\apache-maven-3.9.2-bin\com\fasterxml\jackson\core\jackson-annotations\2.13.1\jackson-annotations-2.13.1.jar;C:\Users\Erick\.m2\wrapper\dists\apache-maven-3.9.2-bin\com\fasterxml\jackson\core\jackson-core\2.13.1\jackson-core-2.13.1.jar;C:\Users\Erick\.m2\wrapper\dists\apache-maven-3.9.2-bin\org\springdoc\springdoc-openapi-ui\1.7.0\springdoc-openapi-ui-1.7.0.jar;C:\Users\Erick\.m2\wrapper\dists\apache-maven-3.9.2-bin\org\springdoc\springdoc-openapi-webmvc-core\1.7.0\springdoc-openapi-webmvc-core-1.7.0.jar;C:\Users\Erick\.m2\wrapper\dists\apache-maven-3.9.2-bin\org\springdoc\springdoc-openapi-common\1.7.0\springdoc-openapi-common-1.7.0.jar;C:\Users\Erick\.m2\wrapper\dists\apache-maven-3.9.2-bin\io\swagger\core\v3\swagger-core\2.2.9\swagger-core-2.2.9.jar;C:\Users\Erick\.m2\wrapper\dists\apache-maven-3.9.2-bin\org\apache\commons\commons-lang3\3.12.0\commons-lang3-3.12.0.jar;C:\Users\Erick\.m2\wrapper\dists\apache-maven-3.9.2-bin\com\fasterxml\jackson\dataformat\jackson-dataformat-yaml\2.13.1\jackson-dataformat-yaml-2.13.1.jar;C:\Users\Erick\.m2\wrapper\dists\apache-maven-3.9.2-bin\io\swagger\core\v3\swagger-annotations\2.2.9\swagger-annotations-2.2.9.jar;C:\Users\Erick\.m2\wrapper\dists\apache-maven-3.9.2-bin\io\swagger\core\v3\swagger-models\2.2.9\swagger-models-2.2.9.jar;C:\Users\Erick\.m2\wrapper\dists\apache-maven-3.9.2-bin\jakarta\validation\jakarta.validation-api\2.0.2\jakarta.validation-api-2.0.2.jar;C:\Users\Erick\.m2\wrapper\dists\apache-maven-3.9.2-bin\org\webjars\swagger-ui\4.18.2\swagger-ui-4.18.2.jar;C:\Users\Erick\.m2\wrapper\dists\apache-maven-3.9.2-bin\io\swagger\swagger-annotations\1.6.9\swagger-annotations-1.6.9.jar;C:\Users\Erick\.m2\wrapper\dists\apache-maven-3.9.2-bin\org\mapstruct\mapstruct\1.4.2.Final\mapstruct-1.4.2.Final.jar;"/>
    <property name="sun.cpu.endian" value="little"/>
    <property name="user.home" value="C:\Users\Erick"/>
    <property name="user.language" value="es"/>
    <property name="java.specification.vendor" value="Oracle Corporation"/>
    <property name="java.version.date" value="2022-08-12"/>
    <property name="java.home" value="C:\Users\Erick\.jdks\corretto-11.0.16.1"/>
    <property name="file.separator" value="\"/>
    <property name="basedir" value="C:\Users\Erick\projects\erick\Prueba Técnica\back-web-prices"/>
    <property name="java.vm.compressedOopsMode" value="Zero based"/>
    <property name="line.separator" value="&#10;"/>
    <property name="java.specification.name" value="Java Platform API Specification"/>
    <property name="java.vm.specification.vendor" value="Oracle Corporation"/>
    <property name="java.awt.graphicsenv" value="sun.awt.Win32GraphicsEnvironment"/>
    <property name="surefire.real.class.path" value="C:\Users\Erick\AppData\Local\Temp\surefire17980637343176406791\surefirebooter1273063592635472351.jar"/>
    <property name="user.script" value=""/>
    <property name="sun.management.compiler" value="HotSpot 64-Bit Tiered Compilers"/>
    <property name="java.runtime.version" value="11.0.16.1+9-LTS"/>
    <property name="user.name" value="Erick"/>
    <property name="path.separator" value=";"/>
    <property name="os.version" value="10.0"/>
    <property name="java.runtime.name" value="OpenJDK Runtime Environment"/>
    <property name="file.encoding" value="Cp1252"/>
    <property name="java.vm.name" value="OpenJDK 64-Bit Server VM"/>
    <property name="java.vendor.version" value="Corretto-11.0.16.9.1"/>
    <property name="localRepository" value="C:\Users\Erick\.m2\wrapper\dists\apache-maven-3.9.2-bin"/>
    <property name="java.vendor.url.bug" value="https://github.com/corretto/corretto-11/issues/"/>
    <property name="java.io.tmpdir" value="C:\Users\Erick\AppData\Local\Temp\"/>
    <property name="idea.version" value="2022.1.4"/>
    <property name="java.version" value="11.0.16.1"/>
    <property name="user.dir" value="C:\Users\Erick\projects\erick\Prueba Técnica\back-web-prices"/>
    <property name="os.arch" value="amd64"/>
    <property name="java.vm.specification.name" value="Java Virtual Machine Specification"/>
    <property name="java.awt.printerjob" value="sun.awt.windows.WPrinterJob"/>
    <property name="sun.os.patch.level" value=""/>
    <property name="java.library.path" value="C:\Users\Erick\.jdks\corretto-11.0.16.1\bin;C:\Windows\Sun\Java\bin;C:\Windows\system32;C:\Windows;C:\Program Files\Common Files\Oracle\Java\javapath;C:\Program Files (x86)\Common Files\Oracle\Java\javapath;C:\ProgramData\Oracle\Java\javapath;C:\Windows\system32;C:\Windows;C:\Windows\System32\Wbem;C:\Windows\System32\WindowsPowerShell\v1.0\;C:\Windows\System32\OpenSSH\;C:\Program Files\Git\cmd;C:\Users\Erick\AppData\Roaming\nvm;C:\Program Files\nodejs;C:\Program Files\PuTTY\;C:\Program Files\Docker\Docker\resources\bin;C:\Users\Erick\AppData\Local\Microsoft\WindowsApps;C:\Users\Erick\AppData\Local\Programs\Microsoft VS Code\bin;C:\Users\Erick\AppData\Roaming\npm;C:\Program Files\Java\jdk1.8.0_60\bin;C:\apache-maven-3.6.3\bin;C:\Program Files\JetBrains\IntelliJ IDEA Community Edition 2022.1.1\bin;;C:\Users\Erick\AppData\Roaming\nvm;C:\Program Files\nodejs;."/>
    <property name="java.vm.info" value="mixed mode"/>
    <property name="java.vendor" value="Amazon.com Inc."/>
    <property name="java.vm.version" value="11.0.16.1+9-LTS"/>
    <property name="sun.io.unicode.encoding" value="UnicodeLittle"/>
    <property name="maven.repo.local" value="C:\Users\Erick\.m2\wrapper\dists\apache-maven-3.9.2-bin"/>
    <property name="java.class.version" value="55.0"/>
  </properties>
  <testcase name="contextLoads" classname="com.server.prueba.backwebprices.BackWebPricesApplicationTests" time="0.201"/>
</testsuite>